Arguments: 
  /Users/usr/Documents/GitHub/EECS4413-Project/4413_luxuryglasses_estore-react/node/node /Users/usr/Documents/GitHub/EECS4413-Project/4413_luxuryglasses_estore-react/node/yarn/dist/bin/yarn.js

PATH: 
  /Users/usr/Documents/GitHub/EECS4413-Project/4413_luxuryglasses_estore-react/node:/Users/usr/Documents/GitHub/EECS4413-Project/4413_luxuryglasses_estore-react/node/yarn/dist/bin:/Library/Frameworks/Python.framework/Versions/2.7/bin:/usr/local/bin:/usr/bin:/bin:/usr/sbin:/sbin:/usr/local/go/bin:

Yarn version: 
  1.12.1

Node version: 
  14.8.0

Platform: 
  darwin x64

Trace: 
  Error: https://registry.yarnpkg.com/@babel/types/-/types-7.21.4.tgz: ENOENT: no such file or directory, open '/Users/amandama/Library/Caches/Yarn/v3/npm-@babel-types-7.21.4-2d5d6bb7908699b3b416409ffd3b5daa25b030d4/node_modules/@babel/types/.yarn-tarball.tgz'

npm manifest: 
  {
    "name": "4413_luxuryglasses_estore",
    "version": "1.0.0",
    "private": true,
    "dependencies": {
      "@craco/craco": "^7.0.0-alpha.0",
      "react": "^17.0.2",
      "react-dom": "^17.0.2",
      "react-router-dom": "^6.8.1"",
      "react-helmet": "^6.1.0",
      "prop-types": "15.7.2"
    },
    "proxy": "http://localhost:8080",
    "scripts": {
      "start": "craco start",
      "build": "craco build",
      "test": "craco test --env=jsdom",
      "eject": "craco eject"
    },
    "engines": {
      "node": "14.x"
    },
    "browserslist": {
      "production": [
        ">0.2%",
        "not dead",
        "not op_mini all"
      ],
      "development": [
        "last 1 chrome version",
        "last 1 firefox version",
        "last 1 safari version"
      ]
    },
    "devDependencies": {
      "react-scripts": "^5.0.1"
    }
  }

yarn manifest: 
  No manifest

Lockfile: 
  No lockfile
